<?xml version="1.0" encoding="UTF-8"?>
<!-- Generated by org.testng.reporters.JUnitXMLReporter -->
<testsuite hostname="MacBook-Pro.local" ignored="0" name="Default test" tests="2" failures="0" timestamp="2020-09-13T17:11:56 PDT" time="12.426" errors="0">
  <testcase name="updateProertyTest" time="6.633" classname="com.ace.suite.testcase.manager.UpdatePropertyTest"/>
  <testcase name="updateProertyTest" time="5.152" classname="com.ace.suite.testcase.manager.UpdatePropertyTest"/>
</testsuite> <!-- Default test -->
