<?xml version="1.0" encoding="UTF-8"?>
<!-- Generated by org.testng.reporters.JUnitXMLReporter -->
<testsuite hostname="MacBook-Pro.local" ignored="0" name="Test" tests="9" failures="0" timestamp="2020-09-17T15:44:35 PDT" time="90.127" errors="0">
  <testcase name="loginTest" time="5.361" classname="com.ace.testcases.LoginTest"/>
  <testcase name="loginTest" time="23.021" classname="com.ace.testcases.LoginTest"/>
  <testcase name="createProertyTest" time="5.584" classname="com.ace.suite.testcase.manager.CreatePropertyTest"/>
  <testcase name="asignInspectorTest" time="4.849" classname="com.ace.suite.testcase.manager.AssignInspectorTest"/>
  <testcase name="updateInspectionTest" time="6.032" classname="com.ace.suite.testcase.manager.UpdateInspectionTest"/>
  <testcase name="updateProertyTest" time="5.354" classname="com.ace.suite.testcase.manager.UpdatePropertyTest"/>
  <testcase name="updateProertyTest" time="5.422" classname="com.ace.suite.testcase.manager.UpdatePropertyTest"/>
  <testcase name="attachReportTest" time="6.817" classname="com.ace.suite.testcase.manager.AttachReportTest"/>
  <testcase name="approveInspectionTest" time="26.319" classname="com.ace.suite.testcase.manager.ApproveInspectionTest"/>
</testsuite> <!-- Test -->
