<?xml version="1.0" encoding="UTF-8"?>
<testng-results skipped="0" failed="0" ignored="0" total="1" passed="1">
  <reporter-output>
  </reporter-output>
  <suite name="Default suite" duration-ms="6049" started-at="2020-09-07T22:33:46 PDT" finished-at="2020-09-07T22:33:52 PDT">
    <groups>
    </groups>
    <test name="Default test" duration-ms="6049" started-at="2020-09-07T22:33:46 PDT" finished-at="2020-09-07T22:33:52 PDT">
      <class name="com.ace.testcases.LoginTest">
        <test-method status="PASS" signature="testCase1()[pri:0, instance:com.ace.testcases.LoginTest@305fd85d]" name="testCase1" duration-ms="6025" started-at="2020-09-07T22:33:46 PDT" finished-at="2020-09-07T22:33:52 PDT">
          <reporter-output>
          </reporter-output>
        </test-method> <!-- testCase1 -->
      </class> <!-- com.ace.testcases.LoginTest -->
    </test> <!-- Default test -->
  </suite> <!-- Default suite -->
</testng-results>
